<?xml version="1.0" encoding="UTF-8"?>
<!-- Generated by org.testng.reporters.JUnitXMLReporter -->
<testsuite ignored="0" hostname="PC-IndrajeetY" failures="8" tests="30" name="Test" time="191.942" errors="0" timestamp="2025-01-24T02:17:16 IST">
  <testcase classname="tutorialsninja.register.TC_RF_001" name="RegisterWithMandatoryFeilds" time="1.495"/>
  <testcase classname="tutorialsninja.register.TC_RF_003" name="verifyRegisterWithAllFeilds" time="1.545"/>
  <testcase classname="tutorialsninja.register.TC_RF_004" name="verifyRegisteringWithoutFillingFeilds" time="0.523"/>
  <testcase classname="tutorialsninja.register.TC_RF_005" name="verifyRegisteringAccountSayingYesToNewsLetter" time="2.283"/>
  <testcase classname="tutorialsninja.register.TC_RF_006" name="verifyRegisteringAccountSayingNoToNewsLetter" time="2.339"/>
  <testcase classname="tutorialsninja.register.TC_RF_007" name="verifyNavigatingToRegisterAccountPageWithMultipleWays" time="1.318"/>
  <testcase classname="tutorialsninja.register.TC_RF_008" name="verifyRegisteringAccountByProvidingMismatchingPasswords" time="0.958"/>
  <testcase classname="tutorialsninja.register.TC_RF_009" name="verifyRegisteringAccountByProvidingExistingEmail" time="0.844"/>
  <testcase classname="tutorialsninja.register.TC_RF_010" name="verifyRegisteringAccountUsingInvalidEmails" time="13.856"/>
  <testcase classname="tutorialsninja.register.TC_RF_011" name="verifyRegisteringAccountByProvidingInvalidTelephone" time="5.211">
    <failure type="java.lang.AssertionError" message="Telephone number does not appear to be valid message is missing: This is a bug.">
      <![CDATA[java.lang.AssertionError: Telephone number does not appear to be valid message is missing: This is a bug.
at tutorialsninja.register.TC_RF_011.verifyRegisteringAccountByProvidingInvalidTelephone(TC_RF_011.java:68)
at java.base/java.util.ArrayList.forEach(ArrayList.java:1511)
... Removed 26 stack frames]]>
    </failure>
  </testcase> <!-- verifyRegisteringAccountByProvidingInvalidTelephone -->
  <testcase classname="tutorialsninja.register.TC_RF_012" name="verifyRegisteringAccountByProvidingEntriesUsingKeyboardActions" time="10.519"/>
  <testcase classname="tutorialsninja.register.TC_RF_013" name="verifyPlaceholdersOfTextFieldsInRegisterAccountPage" time="0.071"/>
  <testcase classname="tutorialsninja.register.TC_RF_014" name="verifyMandatoryFieldsInRegisterAccountPage" time="0.096"/>
  <testcase classname="tutorialsninja.register.TC_RF_015" name="verifyDatabaseTestingOfRegisteringAccount" time="3.27">
    <failure type="org.openqa.selenium.NoSuchElementException" message="no such element: Unable to locate element: {&amp;quot;method&amp;quot;:&amp;quot;css selector&amp;quot;,&amp;quot;selector&amp;quot;:&amp;quot;#input\-newsletter&amp;quot;}
  (Session info: chrome=131.0.6778.205)
For documentation on this error, please visit: https://www.selenium.dev/documentation/webdriver/troubleshooting/errors#no-such-element-exception
Build info: version: &amp;apos;4.27.0&amp;apos;, revision: &amp;apos;d6e718d134&amp;apos;
System info: os.name: &amp;apos;Windows 11&amp;apos;, os.arch: &amp;apos;amd64&amp;apos;, os.version: &amp;apos;10.0&amp;apos;, java.version: &amp;apos;20.0.2&amp;apos;
Driver info: org.openqa.selenium.chrome.ChromeDriver
Command: [03dcff067d30ae25b1f68465f35fe077, findElement {value=input-newsletter, using=id}]
Capabilities {acceptInsecureCerts: false, browserName: chrome, browserVersion: 131.0.6778.205, chrome: {chromedriverVersion: 131.0.6778.264 (2d05e315153..., userDataDir: C:\Users\INDRAJ~1.YAD\AppDa...}, fedcm:accounts: true, goog:chromeOptions: {debuggerAddress: localhost:58357}, networkConnectionEnabled: false, pageLoadStrategy: normal, platformName: windows, proxy: Proxy(), se:cdp: ws://localhost:58357/devtoo..., se:cdpVersion: 131.0.6778.205, setWindowRect: true, strictFileInteractability: false, timeouts: {implicit: 0, pageLoad: 300000, script: 30000}, unhandledPromptBehavior: dismiss and notify, webauthn:extension:credBlob: true, webauthn:extension:largeBlob: true, webauthn:extension:minPinLength: true, webauthn:extension:prf: true, webauthn:virtualAuthenticators: true}
Session ID: 03dcff067d30ae25b1f68465f35fe077">
      <![CDATA[org.openqa.selenium.NoSuchElementException: no such element: Unable to locate element: {"method":"css selector","selector":"#input\-newsletter"}
  (Session info: chrome=131.0.6778.205)
For documentation on this error, please visit: https://www.selenium.dev/documentation/webdriver/troubleshooting/errors#no-such-element-exception
Build info: version: '4.27.0', revision: 'd6e718d134'
System info: os.name: 'Windows 11', os.arch: 'amd64', os.version: '10.0', java.version: '20.0.2'
Driver info: org.openqa.selenium.chrome.ChromeDriver
Command: [03dcff067d30ae25b1f68465f35fe077, findElement {value=input-newsletter, using=id}]
Capabilities {acceptInsecureCerts: false, browserName: chrome, browserVersion: 131.0.6778.205, chrome: {chromedriverVersion: 131.0.6778.264 (2d05e315153..., userDataDir: C:\Users\INDRAJ~1.YAD\AppDa...}, fedcm:accounts: true, goog:chromeOptions: {debuggerAddress: localhost:58357}, networkConnectionEnabled: false, pageLoadStrategy: normal, platformName: windows, proxy: Proxy(), se:cdp: ws://localhost:58357/devtoo..., se:cdpVersion: 131.0.6778.205, setWindowRect: true, strictFileInteractability: false, timeouts: {implicit: 0, pageLoad: 300000, script: 30000}, unhandledPromptBehavior: dismiss and notify, webauthn:extension:credBlob: true, webauthn:extension:largeBlob: true, webauthn:extension:minPinLength: true, webauthn:extension:prf: true, webauthn:virtualAuthenticators: true}
Session ID: 03dcff067d30ae25b1f68465f35fe077
at org.openqa.selenium.remote.ErrorCodec.decode(ErrorCodec.java:167)
at org.openqa.selenium.remote.codec.w3c.W3CHttpResponseCodec.decode(W3CHttpResponseCodec.java:138)
at org.openqa.selenium.remote.codec.w3c.W3CHttpResponseCodec.decode(W3CHttpResponseCodec.java:50)
at org.openqa.selenium.remote.HttpCommandExecutor.execute(HttpCommandExecutor.java:190)
at org.openqa.selenium.remote.service.DriverCommandExecutor.invokeExecute(DriverCommandExecutor.java:216)
at org.openqa.selenium.remote.service.DriverCommandExecutor.execute(DriverCommandExecutor.java:174)
at org.openqa.selenium.remote.RemoteWebDriver.execute(RemoteWebDriver.java:545)
at org.openqa.selenium.remote.ElementLocation$ElementFinder$2.findElement(ElementLocation.java:165)
at org.openqa.selenium.remote.ElementLocation.findElement(ElementLocation.java:59)
at org.openqa.selenium.remote.RemoteWebDriver.findElement(RemoteWebDriver.java:368)
at org.openqa.selenium.remote.RemoteWebDriver.findElement(RemoteWebDriver.java:362)
at tutorialsninja.register.TC_RF_015.verifyDatabaseTestingOfRegisteringAccount(TC_RF_015.java:61)
at java.base/java.util.ArrayList.forEach(ArrayList.java:1511)
... Removed 28 stack frames]]>
    </failure>
  </testcase> <!-- verifyDatabaseTestingOfRegisteringAccount -->
  <testcase classname="tutorialsninja.register.TC_RF_016" name="verifyRegisteringAccountByProvidingOnlySpace" time="0.804"/>
  <testcase classname="tutorialsninja.register.TC_RF_017" name="verifyRegisteringAccountByCheckingThePasswordStandards" time="4.161">
    <failure type="java.lang.AssertionError" message="Password complexity error message is missing: This is a bug.">
      <![CDATA[java.lang.AssertionError: Password complexity error message is missing: This is a bug.
at tutorialsninja.register.TC_RF_017.verifyRegisteringAccountByCheckingThePasswordStandards(TC_RF_017.java:54)
at java.base/java.util.ArrayList.forEach(ArrayList.java:1511)
... Removed 26 stack frames]]>
    </failure>
  </testcase> <!-- verifyRegisteringAccountByCheckingThePasswordStandards -->
  <testcase classname="tutorialsninja.register.TC_RF_017" name="verifyRegisteringAccountByCheckingThePasswordStandards" time="4.158">
    <failure type="java.lang.AssertionError" message="Password complexity error message is missing: This is a bug.">
      <![CDATA[java.lang.AssertionError: Password complexity error message is missing: This is a bug.
at tutorialsninja.register.TC_RF_017.verifyRegisteringAccountByCheckingThePasswordStandards(TC_RF_017.java:54)
at java.base/java.util.ArrayList.forEach(ArrayList.java:1511)
... Removed 26 stack frames]]>
    </failure>
  </testcase> <!-- verifyRegisteringAccountByCheckingThePasswordStandards -->
  <testcase classname="tutorialsninja.register.TC_RF_017" name="verifyRegisteringAccountByCheckingThePasswordStandards" time="4.246">
    <failure type="java.lang.AssertionError" message="Password complexity error message is missing: This is a bug.">
      <![CDATA[java.lang.AssertionError: Password complexity error message is missing: This is a bug.
at tutorialsninja.register.TC_RF_017.verifyRegisteringAccountByCheckingThePasswordStandards(TC_RF_017.java:54)
at java.base/java.util.ArrayList.forEach(ArrayList.java:1511)
... Removed 26 stack frames]]>
    </failure>
  </testcase> <!-- verifyRegisteringAccountByCheckingThePasswordStandards -->
  <testcase classname="tutorialsninja.register.TC_RF_017" name="verifyRegisteringAccountByCheckingThePasswordStandards" time="4.137">
    <failure type="java.lang.AssertionError" message="Password complexity error message is missing: This is a bug.">
      <![CDATA[java.lang.AssertionError: Password complexity error message is missing: This is a bug.
at tutorialsninja.register.TC_RF_017.verifyRegisteringAccountByCheckingThePasswordStandards(TC_RF_017.java:54)
at java.base/java.util.ArrayList.forEach(ArrayList.java:1511)
... Removed 26 stack frames]]>
    </failure>
  </testcase> <!-- verifyRegisteringAccountByCheckingThePasswordStandards -->
  <testcase classname="tutorialsninja.register.TC_RF_017" name="verifyRegisteringAccountByCheckingThePasswordStandards" time="4.184">
    <failure type="java.lang.AssertionError" message="Password complexity error message is missing: This is a bug.">
      <![CDATA[java.lang.AssertionError: Password complexity error message is missing: This is a bug.
at tutorialsninja.register.TC_RF_017.verifyRegisteringAccountByCheckingThePasswordStandards(TC_RF_017.java:54)
at java.base/java.util.ArrayList.forEach(ArrayList.java:1511)
... Removed 26 stack frames]]>
    </failure>
  </testcase> <!-- verifyRegisteringAccountByCheckingThePasswordStandards -->
  <testcase classname="tutorialsninja.register.TC_RF_018" name="verifyRegisteringAccountFielsHeightWidthAlignment" time="7.464">
    <failure type="java.lang.AssertionError" message="Password field accepts more than 20 characters! expected [true] but found [false]">
      <![CDATA[java.lang.AssertionError: Password field accepts more than 20 characters! expected [true] but found [false]
at tutorialsninja.register.TC_RF_018.verifyRegisteringAccountFielsHeightWidthAlignment(TC_RF_018.java:187)
at java.base/java.util.ArrayList.forEach(ArrayList.java:1511)
... Removed 28 stack frames]]>
    </failure>
  </testcase> <!-- verifyRegisteringAccountFielsHeightWidthAlignment -->
  <testcase classname="tutorialsninja.register.TC_RF_019" name="verifyHeadingAndTrailingSpacesWhileRegisteringPage" time="2.23"/>
  <testcase classname="tutorialsninja.register.TC_RF_020" name="verifyPrivacyPolicyFieldsOnRegisteringAccountPage" time="0.017"/>
  <testcase classname="tutorialsninja.register.TC_RF_021" name="verifyRegisteringAccountWithoutPrivacyPolicySelection" time="0.761"/>
  <testcase classname="tutorialsninja.register.TC_RF_022" name="verifyRegisteringAccountVisibilityTogglingOfPasswordFields" time="0.026"/>
  <testcase classname="tutorialsninja.register.TC_RF_023" name="verifyWorkingOfEveryLinkOnRegisterAccount" time="15.155"/>
  <testcase classname="tutorialsninja.register.TC_RF_024" name="verifyRegisteringAccountWithoutEnteringPasswordIntoPasswordConfirmField" time="0.794"/>
  <testcase classname="tutorialsninja.register.TC_RF_025" name="verifyBreadcrmTitleHeadingRegisterAccount" time="0.051"/>
  <testcase classname="tutorialsninja.register.TC_RF_026" name="verifyUIOfRegisterAccountPage" time="0.311"/>
  <testcase classname="tutorialsninja.register.TC_RF_027" name="verifyRegisteringAccountInDifferentEnvironments" time="1.498"/>
</testsuite> <!-- Test -->
