<html>
<head>
<title>TestNG:  Test</title>
<link href="../testng.css" rel="stylesheet" type="text/css" />
<link href="../my-testng.css" rel="stylesheet" type="text/css" />

<style type="text/css">
.log { display: none;} 
.stack-trace { display: none;} 
</style>
<script type="text/javascript">
<!--
function flip(e) {
  current = e.style.display;
  if (current == 'block') {
    e.style.display = 'none';
    return 0;
  }
  else {
    e.style.display = 'block';
    return 1;
  }
}

function toggleBox(szDivId, elem, msg1, msg2)
{
  var res = -1;  if (document.getElementById) {
    res = flip(document.getElementById(szDivId));
  }
  else if (document.all) {
    // this is the way old msie versions work
    res = flip(document.all[szDivId]);
  }
  if(elem) {
    if(res == 0) elem.innerHTML = msg1; else elem.innerHTML = msg2;
  }

}

function toggleAllBoxes() {
  if (document.getElementsByTagName) {
    d = document.getElementsByTagName('div');
    for (i = 0; i < d.length; i++) {
      if (d[i].className == 'log') {
        flip(d[i]);
      }
    }
  }
}

// -->
</script>

</head>
<body>
<h2 align='center'>Test</h2><table border='1' align="center">
<tr>
<td>Tests passed/Failed/Skipped:</td><td>40/11/0</td>
</tr><tr>
<td>Started on:</td><td>Sat Mar 01 00:15:59 IST 2025</td>
</tr>
<tr><td>Total time:</td><td>412 seconds (412899 ms)</td>
</tr><tr>
<td>Included groups:</td><td></td>
</tr><tr>
<td>Excluded groups:</td><td></td>
</tr>
</table><p/>
<small><i>(Hover the method name to see the test class name)</i></small><p/>
<table width='100%' border='1' class='invocation-failed'>
<tr><td colspan='4' align='center'><b>FAILED TESTS</b></td></tr>
<tr><td><b>Test method</b></td>
<td><b>Attribute(s)</b></td>
<td width="30%"><b>Exception</b></td>
<td width="10%"><b>Time (seconds)</b></td>
<td><b>Instance</b></td>
</tr>
<tr>
<td title='tutorialsninja.tests.Register.verifyRegisteringAccountByProvidingInvalidTelephone()'><b>verifyRegisteringAccountByProvidingInvalidTelephone</b><br>Test class: tutorialsninja.tests.Register</td>
<td><div><pre>java.lang.AssertionError: Telephone number does not appear to be valid message is missing: This is a bug.
	at tutorialsninja.tests.Register.verifyRegisteringAccountByProvidingInvalidTelephone(Register.java:418)
	at java.base/java.util.ArrayList.forEach(ArrayList.java:1596)
... Removed 26 stack frames</pre></div><a href='#' onClick='toggleBox("stack-trace1205331126", this, "Click to show all stack frames", "Click to hide stack frames")'>Click to show all stack frames</a>
<div class='stack-trace' id='stack-trace1205331126'><pre>java.lang.AssertionError: Telephone number does not appear to be valid message is missing: This is a bug.
	at org.testng.Assert.fail(Assert.java:111)
	at tutorialsninja.tests.Register.verifyRegisteringAccountByProvidingInvalidTelephone(Register.java:418)
	at java.base/jdk.internal.reflect.DirectMethodHandleAccessor.invoke(DirectMethodHandleAccessor.java:103)
	at java.base/java.lang.reflect.Method.invoke(Method.java:580)
	at org.testng.internal.invokers.MethodInvocationHelper.invokeMethod(MethodInvocationHelper.java:141)
	at org.testng.internal.invokers.TestInvoker.invokeMethod(TestInvoker.java:686)
	at org.testng.internal.invokers.TestInvoker.invokeTestMethod(TestInvoker.java:230)
	at org.testng.internal.invokers.MethodRunner.runInSequence(MethodRunner.java:63)
	at org.testng.internal.invokers.TestInvoker$MethodInvocationAgent.invoke(TestInvoker.java:992)
	at org.testng.internal.invokers.TestInvoker.invokeTestMethods(TestInvoker.java:203)
	at org.testng.internal.invokers.TestMethodWorker.invokeTestMethods(TestMethodWorker.java:154)
	at org.testng.internal.invokers.TestMethodWorker.run(TestMethodWorker.java:134)
	at java.base/java.util.ArrayList.forEach(ArrayList.java:1596)
	at org.testng.TestRunner.privateRun(TestRunner.java:739)
	at org.testng.TestRunner.run(TestRunner.java:614)
	at org.testng.SuiteRunner.runTest(SuiteRunner.java:421)
	at org.testng.SuiteRunner.runSequentially(SuiteRunner.java:413)
	at org.testng.SuiteRunner.privateRun(SuiteRunner.java:373)
	at org.testng.SuiteRunner.run(SuiteRunner.java:312)
	at org.testng.SuiteRunnerWorker.runSuite(SuiteRunnerWorker.java:52)
	at org.testng.SuiteRunnerWorker.run(SuiteRunnerWorker.java:95)
	at org.testng.TestNG.runSuitesSequentially(TestNG.java:1274)
	at org.testng.TestNG.runSuitesLocally(TestNG.java:1208)
	at org.testng.TestNG.runSuites(TestNG.java:1112)
	at org.testng.TestNG.run(TestNG.java:1079)
	at org.testng.remote.AbstractRemoteTestNG.run(AbstractRemoteTestNG.java:115)
	at org.testng.remote.RemoteTestNG.initAndRun(RemoteTestNG.java:293)
	at org.testng.remote.RemoteTestNG.main(RemoteTestNG.java:91)
</pre></div></td>
<td>4</td>
<td>tutorialsninja.tests.Register@477b4cdf</td></tr>
<tr>
<td title='tutorialsninja.tests.Register.verifyDatabaseTestingOfRegisteringAccount()'><b>verifyDatabaseTestingOfRegisteringAccount</b><br>Test class: tutorialsninja.tests.Register</td>
<td><div><pre>java.lang.AssertionError: expected [Your Account Has Been Created!] but found [Register Account]
	at tutorialsninja.tests.Register.verifyDatabaseTestingOfRegisteringAccount(Register.java:524)
	at java.base/java.util.ArrayList.forEach(ArrayList.java:1596)
... Removed 31 stack frames</pre></div><a href='#' onClick='toggleBox("stack-trace901464042", this, "Click to show all stack frames", "Click to hide stack frames")'>Click to show all stack frames</a>
<div class='stack-trace' id='stack-trace901464042'><pre>java.lang.AssertionError: expected [Your Account Has Been Created!] but found [Register Account]
	at org.testng.Assert.fail(Assert.java:111)
	at org.testng.Assert.failNotEquals(Assert.java:1578)
	at org.testng.Assert.assertEqualsImpl(Assert.java:150)
	at org.testng.Assert.assertEquals(Assert.java:132)
	at org.testng.Assert.assertEquals(Assert.java:656)
	at org.testng.Assert.assertEquals(Assert.java:666)
	at tutorialsninja.tests.Register.verifyDatabaseTestingOfRegisteringAccount(Register.java:524)
	at java.base/jdk.internal.reflect.DirectMethodHandleAccessor.invoke(DirectMethodHandleAccessor.java:103)
	at java.base/java.lang.reflect.Method.invoke(Method.java:580)
	at org.testng.internal.invokers.MethodInvocationHelper.invokeMethod(MethodInvocationHelper.java:141)
	at org.testng.internal.invokers.TestInvoker.invokeMethod(TestInvoker.java:686)
	at org.testng.internal.invokers.TestInvoker.invokeTestMethod(TestInvoker.java:230)
	at org.testng.internal.invokers.MethodRunner.runInSequence(MethodRunner.java:63)
	at org.testng.internal.invokers.TestInvoker$MethodInvocationAgent.invoke(TestInvoker.java:992)
	at org.testng.internal.invokers.TestInvoker.invokeTestMethods(TestInvoker.java:203)
	at org.testng.internal.invokers.TestMethodWorker.invokeTestMethods(TestMethodWorker.java:154)
	at org.testng.internal.invokers.TestMethodWorker.run(TestMethodWorker.java:134)
	at java.base/java.util.ArrayList.forEach(ArrayList.java:1596)
	at org.testng.TestRunner.privateRun(TestRunner.java:739)
	at org.testng.TestRunner.run(TestRunner.java:614)
	at org.testng.SuiteRunner.runTest(SuiteRunner.java:421)
	at org.testng.SuiteRunner.runSequentially(SuiteRunner.java:413)
	at org.testng.SuiteRunner.privateRun(SuiteRunner.java:373)
	at org.testng.SuiteRunner.run(SuiteRunner.java:312)
	at org.testng.SuiteRunnerWorker.runSuite(SuiteRunnerWorker.java:52)
	at org.testng.SuiteRunnerWorker.run(SuiteRunnerWorker.java:95)
	at org.testng.TestNG.runSuitesSequentially(TestNG.java:1274)
	at org.testng.TestNG.runSuitesLocally(TestNG.java:1208)
	at org.testng.TestNG.runSuites(TestNG.java:1112)
	at org.testng.TestNG.run(TestNG.java:1079)
	at org.testng.remote.AbstractRemoteTestNG.run(AbstractRemoteTestNG.java:115)
	at org.testng.remote.RemoteTestNG.initAndRun(RemoteTestNG.java:293)
	at org.testng.remote.RemoteTestNG.main(RemoteTestNG.java:91)
</pre></div></td>
<td>1</td>
<td>tutorialsninja.tests.Register@477b4cdf</td></tr>
<tr>
<td title='tutorialsninja.tests.Register.verifyRegisteringAccountByCheckingThePasswordStandards()'><b>verifyRegisteringAccountByCheckingThePasswordStandards</b><br>Test class: tutorialsninja.tests.Register<br>Parameters: 1245asas</td>
<td><div><pre>java.lang.AssertionError: Password complexity error message is missing: This is a bug.
	at tutorialsninja.tests.Register.verifyRegisteringAccountByCheckingThePasswordStandards(Register.java:591)
	at java.base/java.util.ArrayList.forEach(ArrayList.java:1596)
... Removed 26 stack frames</pre></div><a href='#' onClick='toggleBox("stack-trace345072292", this, "Click to show all stack frames", "Click to hide stack frames")'>Click to show all stack frames</a>
<div class='stack-trace' id='stack-trace345072292'><pre>java.lang.AssertionError: Password complexity error message is missing: This is a bug.
	at org.testng.Assert.fail(Assert.java:111)
	at tutorialsninja.tests.Register.verifyRegisteringAccountByCheckingThePasswordStandards(Register.java:591)
	at java.base/jdk.internal.reflect.DirectMethodHandleAccessor.invoke(DirectMethodHandleAccessor.java:103)
	at java.base/java.lang.reflect.Method.invoke(Method.java:580)
	at org.testng.internal.invokers.MethodInvocationHelper.invokeMethod(MethodInvocationHelper.java:141)
	at org.testng.internal.invokers.TestInvoker.invokeMethod(TestInvoker.java:686)
	at org.testng.internal.invokers.TestInvoker.invokeTestMethod(TestInvoker.java:230)
	at org.testng.internal.invokers.MethodRunner.runInSequence(MethodRunner.java:63)
	at org.testng.internal.invokers.TestInvoker$MethodInvocationAgent.invoke(TestInvoker.java:992)
	at org.testng.internal.invokers.TestInvoker.invokeTestMethods(TestInvoker.java:203)
	at org.testng.internal.invokers.TestMethodWorker.invokeTestMethods(TestMethodWorker.java:154)
	at org.testng.internal.invokers.TestMethodWorker.run(TestMethodWorker.java:134)
	at java.base/java.util.ArrayList.forEach(ArrayList.java:1596)
	at org.testng.TestRunner.privateRun(TestRunner.java:739)
	at org.testng.TestRunner.run(TestRunner.java:614)
	at org.testng.SuiteRunner.runTest(SuiteRunner.java:421)
	at org.testng.SuiteRunner.runSequentially(SuiteRunner.java:413)
	at org.testng.SuiteRunner.privateRun(SuiteRunner.java:373)
	at org.testng.SuiteRunner.run(SuiteRunner.java:312)
	at org.testng.SuiteRunnerWorker.runSuite(SuiteRunnerWorker.java:52)
	at org.testng.SuiteRunnerWorker.run(SuiteRunnerWorker.java:95)
	at org.testng.TestNG.runSuitesSequentially(TestNG.java:1274)
	at org.testng.TestNG.runSuitesLocally(TestNG.java:1208)
	at org.testng.TestNG.runSuites(TestNG.java:1112)
	at org.testng.TestNG.run(TestNG.java:1079)
	at org.testng.remote.AbstractRemoteTestNG.run(AbstractRemoteTestNG.java:115)
	at org.testng.remote.RemoteTestNG.initAndRun(RemoteTestNG.java:293)
	at org.testng.remote.RemoteTestNG.main(RemoteTestNG.java:91)
</pre></div></td>
<td>4</td>
<td>tutorialsninja.tests.Register@477b4cdf</td></tr>
<tr>
<td title='tutorialsninja.tests.Register.verifyRegisteringAccountByCheckingThePasswordStandards()'><b>verifyRegisteringAccountByCheckingThePasswordStandards</b><br>Test class: tutorialsninja.tests.Register<br>Parameters: abcdefg</td>
<td><div><pre>java.lang.AssertionError: Password complexity error message is missing: This is a bug.
	at tutorialsninja.tests.Register.verifyRegisteringAccountByCheckingThePasswordStandards(Register.java:591)
	at java.base/java.util.ArrayList.forEach(ArrayList.java:1596)
... Removed 26 stack frames</pre></div><a href='#' onClick='toggleBox("stack-trace1232925466", this, "Click to show all stack frames", "Click to hide stack frames")'>Click to show all stack frames</a>
<div class='stack-trace' id='stack-trace1232925466'><pre>java.lang.AssertionError: Password complexity error message is missing: This is a bug.
	at org.testng.Assert.fail(Assert.java:111)
	at tutorialsninja.tests.Register.verifyRegisteringAccountByCheckingThePasswordStandards(Register.java:591)
	at java.base/jdk.internal.reflect.DirectMethodHandleAccessor.invoke(DirectMethodHandleAccessor.java:103)
	at java.base/java.lang.reflect.Method.invoke(Method.java:580)
	at org.testng.internal.invokers.MethodInvocationHelper.invokeMethod(MethodInvocationHelper.java:141)
	at org.testng.internal.invokers.TestInvoker.invokeMethod(TestInvoker.java:686)
	at org.testng.internal.invokers.TestInvoker.invokeTestMethod(TestInvoker.java:230)
	at org.testng.internal.invokers.MethodRunner.runInSequence(MethodRunner.java:63)
	at org.testng.internal.invokers.TestInvoker$MethodInvocationAgent.invoke(TestInvoker.java:992)
	at org.testng.internal.invokers.TestInvoker.invokeTestMethods(TestInvoker.java:203)
	at org.testng.internal.invokers.TestMethodWorker.invokeTestMethods(TestMethodWorker.java:154)
	at org.testng.internal.invokers.TestMethodWorker.run(TestMethodWorker.java:134)
	at java.base/java.util.ArrayList.forEach(ArrayList.java:1596)
	at org.testng.TestRunner.privateRun(TestRunner.java:739)
	at org.testng.TestRunner.run(TestRunner.java:614)
	at org.testng.SuiteRunner.runTest(SuiteRunner.java:421)
	at org.testng.SuiteRunner.runSequentially(SuiteRunner.java:413)
	at org.testng.SuiteRunner.privateRun(SuiteRunner.java:373)
	at org.testng.SuiteRunner.run(SuiteRunner.java:312)
	at org.testng.SuiteRunnerWorker.runSuite(SuiteRunnerWorker.java:52)
	at org.testng.SuiteRunnerWorker.run(SuiteRunnerWorker.java:95)
	at org.testng.TestNG.runSuitesSequentially(TestNG.java:1274)
	at org.testng.TestNG.runSuitesLocally(TestNG.java:1208)
	at org.testng.TestNG.runSuites(TestNG.java:1112)
	at org.testng.TestNG.run(TestNG.java:1079)
	at org.testng.remote.AbstractRemoteTestNG.run(AbstractRemoteTestNG.java:115)
	at org.testng.remote.RemoteTestNG.initAndRun(RemoteTestNG.java:293)
	at org.testng.remote.RemoteTestNG.main(RemoteTestNG.java:91)
</pre></div></td>
<td>4</td>
<td>tutorialsninja.tests.Register@477b4cdf</td></tr>
<tr>
<td title='tutorialsninja.tests.Register.verifyRegisteringAccountByCheckingThePasswordStandards()'><b>verifyRegisteringAccountByCheckingThePasswordStandards</b><br>Test class: tutorialsninja.tests.Register<br>Parameters: ABCD123#</td>
<td><div><pre>java.lang.AssertionError: Password complexity error message is missing: This is a bug.
	at tutorialsninja.tests.Register.verifyRegisteringAccountByCheckingThePasswordStandards(Register.java:591)
	at java.base/java.util.ArrayList.forEach(ArrayList.java:1596)
... Removed 26 stack frames</pre></div><a href='#' onClick='toggleBox("stack-trace1740644552", this, "Click to show all stack frames", "Click to hide stack frames")'>Click to show all stack frames</a>
<div class='stack-trace' id='stack-trace1740644552'><pre>java.lang.AssertionError: Password complexity error message is missing: This is a bug.
	at org.testng.Assert.fail(Assert.java:111)
	at tutorialsninja.tests.Register.verifyRegisteringAccountByCheckingThePasswordStandards(Register.java:591)
	at java.base/jdk.internal.reflect.DirectMethodHandleAccessor.invoke(DirectMethodHandleAccessor.java:103)
	at java.base/java.lang.reflect.Method.invoke(Method.java:580)
	at org.testng.internal.invokers.MethodInvocationHelper.invokeMethod(MethodInvocationHelper.java:141)
	at org.testng.internal.invokers.TestInvoker.invokeMethod(TestInvoker.java:686)
	at org.testng.internal.invokers.TestInvoker.invokeTestMethod(TestInvoker.java:230)
	at org.testng.internal.invokers.MethodRunner.runInSequence(MethodRunner.java:63)
	at org.testng.internal.invokers.TestInvoker$MethodInvocationAgent.invoke(TestInvoker.java:992)
	at org.testng.internal.invokers.TestInvoker.invokeTestMethods(TestInvoker.java:203)
	at org.testng.internal.invokers.TestMethodWorker.invokeTestMethods(TestMethodWorker.java:154)
	at org.testng.internal.invokers.TestMethodWorker.run(TestMethodWorker.java:134)
	at java.base/java.util.ArrayList.forEach(ArrayList.java:1596)
	at org.testng.TestRunner.privateRun(TestRunner.java:739)
	at org.testng.TestRunner.run(TestRunner.java:614)
	at org.testng.SuiteRunner.runTest(SuiteRunner.java:421)
	at org.testng.SuiteRunner.runSequentially(SuiteRunner.java:413)
	at org.testng.SuiteRunner.privateRun(SuiteRunner.java:373)
	at org.testng.SuiteRunner.run(SuiteRunner.java:312)
	at org.testng.SuiteRunnerWorker.runSuite(SuiteRunnerWorker.java:52)
	at org.testng.SuiteRunnerWorker.run(SuiteRunnerWorker.java:95)
	at org.testng.TestNG.runSuitesSequentially(TestNG.java:1274)
	at org.testng.TestNG.runSuitesLocally(TestNG.java:1208)
	at org.testng.TestNG.runSuites(TestNG.java:1112)
	at org.testng.TestNG.run(TestNG.java:1079)
	at org.testng.remote.AbstractRemoteTestNG.run(AbstractRemoteTestNG.java:115)
	at org.testng.remote.RemoteTestNG.initAndRun(RemoteTestNG.java:293)
	at org.testng.remote.RemoteTestNG.main(RemoteTestNG.java:91)
</pre></div></td>
<td>5</td>
<td>tutorialsninja.tests.Register@477b4cdf</td></tr>
<tr>
<td title='tutorialsninja.tests.Login.verifyLoginIntoApplicationAfterChangingPassword()'><b>verifyLoginIntoApplicationAfterChangingPassword</b><br>Test class: tutorialsninja.tests.Login</td>
<td><div><pre>org.openqa.selenium.NoSuchElementException: no such element: Unable to locate element: {&quot;method&quot;:&quot;link text&quot;,&quot;selector&quot;:&quot;Edit your account information&quot;}
  (Session info: chrome=133.0.6943.127)
For documentation on this error, please visit: https://www.selenium.dev/documentation/webdriver/troubleshooting/errors#no-such-element-exception
Build info: version: &apos;4.27.0&apos;, revision: &apos;d6e718d134&apos;
System info: os.name: &apos;Windows 11&apos;, os.arch: &apos;amd64&apos;, os.version: &apos;10.0&apos;, java.version: &apos;21.0.3&apos;
Driver info: org.openqa.selenium.chrome.ChromeDriver
Command: [4b754b5e7173ea8e15c067f08abc0805, findElement {using=link text, value=Edit your account information}]
Capabilities {acceptInsecureCerts: false, browserName: chrome, browserVersion: 133.0.6943.127, chrome: {chromedriverVersion: 133.0.6943.141 (2a5d6da0d61..., userDataDir: C:\Users\indra\AppData\Loca...}, fedcm:accounts: true, goog:chromeOptions: {debuggerAddress: localhost:51452}, networkConnectionEnabled: false, pageLoadStrategy: normal, platformName: windows, proxy: Proxy(), se:cdp: ws://localhost:51452/devtoo..., se:cdpVersion: 133.0.6943.127, setWindowRect: true, strictFileInteractability: false, timeouts: {implicit: 0, pageLoad: 300000, script: 30000}, unhandledPromptBehavior: dismiss and notify, webauthn:extension:credBlob: true, webauthn:extension:largeBlob: true, webauthn:extension:minPinLength: true, webauthn:extension:prf: true, webauthn:virtualAuthenticators: true}
Session ID: 4b754b5e7173ea8e15c067f08abc0805
	at org.openqa.selenium.remote.ErrorCodec.decode(ErrorCodec.java:167)
	at org.openqa.selenium.remote.codec.w3c.W3CHttpResponseCodec.decode(W3CHttpResponseCodec.java:138)
	at org.openqa.selenium.remote.codec.w3c.W3CHttpResponseCodec.decode(W3CHttpResponseCodec.java:50)
	at org.openqa.selenium.remote.HttpCommandExecutor.execute(HttpCommandExecutor.java:190)
	at org.openqa.selenium.remote.service.DriverCommandExecutor.invokeExecute(DriverCommandExecutor.java:216)
	at org.openqa.selenium.remote.service.DriverCommandExecutor.execute(DriverCommandExecutor.java:174)
	at org.openqa.selenium.remote.RemoteWebDriver.execute(RemoteWebDriver.java:545)
	at org.openqa.selenium.remote.ElementLocation$ElementFinder$2.findElement(ElementLocation.java:165)
	at org.openqa.selenium.remote.ElementLocation.findElement(ElementLocation.java:59)
	at org.openqa.selenium.remote.RemoteWebDriver.findElement(RemoteWebDriver.java:368)
	at org.openqa.selenium.remote.RemoteWebDriver.findElement(RemoteWebDriver.java:362)
	at org.openqa.selenium.support.pagefactory.DefaultElementLocator.findElement(DefaultElementLocator.java:68)
	at org.openqa.selenium.support.pagefactory.internal.LocatingElementHandler.invoke(LocatingElementHandler.java:38)
	at jdk.proxy2/jdk.proxy2.$Proxy13.isDisplayed(Unknown Source)
	at Pages.AccountPage.didWeNavigateToAccountPage(AccountPage.java:50)
	at tutorialsninja.tests.Login.verifyLoginIntoApplicationAfterChangingPassword(Login.java:250)
	at java.base/java.util.ArrayList.forEach(ArrayList.java:1596)
... Removed 28 stack frames</pre></div><a href='#' onClick='toggleBox("stack-trace826945968", this, "Click to show all stack frames", "Click to hide stack frames")'>Click to show all stack frames</a>
<div class='stack-trace' id='stack-trace826945968'><pre>org.openqa.selenium.NoSuchElementException: no such element: Unable to locate element: {&quot;method&quot;:&quot;link text&quot;,&quot;selector&quot;:&quot;Edit your account information&quot;}
  (Session info: chrome=133.0.6943.127)
For documentation on this error, please visit: https://www.selenium.dev/documentation/webdriver/troubleshooting/errors#no-such-element-exception
Build info: version: &apos;4.27.0&apos;, revision: &apos;d6e718d134&apos;
System info: os.name: &apos;Windows 11&apos;, os.arch: &apos;amd64&apos;, os.version: &apos;10.0&apos;, java.version: &apos;21.0.3&apos;
Driver info: org.openqa.selenium.chrome.ChromeDriver
Command: [4b754b5e7173ea8e15c067f08abc0805, findElement {using=link text, value=Edit your account information}]
Capabilities {acceptInsecureCerts: false, browserName: chrome, browserVersion: 133.0.6943.127, chrome: {chromedriverVersion: 133.0.6943.141 (2a5d6da0d61..., userDataDir: C:\Users\indra\AppData\Loca...}, fedcm:accounts: true, goog:chromeOptions: {debuggerAddress: localhost:51452}, networkConnectionEnabled: false, pageLoadStrategy: normal, platformName: windows, proxy: Proxy(), se:cdp: ws://localhost:51452/devtoo..., se:cdpVersion: 133.0.6943.127, setWindowRect: true, strictFileInteractability: false, timeouts: {implicit: 0, pageLoad: 300000, script: 30000}, unhandledPromptBehavior: dismiss and notify, webauthn:extension:credBlob: true, webauthn:extension:largeBlob: true, webauthn:extension:minPinLength: true, webauthn:extension:prf: true, webauthn:virtualAuthenticators: true}
Session ID: 4b754b5e7173ea8e15c067f08abc0805
	at java.base/jdk.internal.reflect.DirectConstructorHandleAccessor.newInstance(DirectConstructorHandleAccessor.java:62)
	at java.base/java.lang.reflect.Constructor.newInstanceWithCaller(Constructor.java:502)
	at java.base/java.lang.reflect.Constructor.newInstance(Constructor.java:486)
	at org.openqa.selenium.remote.ErrorCodec.decode(ErrorCodec.java:167)
	at org.openqa.selenium.remote.codec.w3c.W3CHttpResponseCodec.decode(W3CHttpResponseCodec.java:138)
	at org.openqa.selenium.remote.codec.w3c.W3CHttpResponseCodec.decode(W3CHttpResponseCodec.java:50)
	at org.openqa.selenium.remote.HttpCommandExecutor.execute(HttpCommandExecutor.java:190)
	at org.openqa.selenium.remote.service.DriverCommandExecutor.invokeExecute(DriverCommandExecutor.java:216)
	at org.openqa.selenium.remote.service.DriverCommandExecutor.execute(DriverCommandExecutor.java:174)
	at org.openqa.selenium.remote.RemoteWebDriver.execute(RemoteWebDriver.java:545)
	at org.openqa.selenium.remote.ElementLocation$ElementFinder$2.findElement(ElementLocation.java:165)
	at org.openqa.selenium.remote.ElementLocation.findElement(ElementLocation.java:59)
	at org.openqa.selenium.remote.RemoteWebDriver.findElement(RemoteWebDriver.java:368)
	at org.openqa.selenium.remote.RemoteWebDriver.findElement(RemoteWebDriver.java:362)
	at org.openqa.selenium.support.pagefactory.DefaultElementLocator.findElement(DefaultElementLocator.java:68)
	at org.openqa.selenium.support.pagefactory.internal.LocatingElementHandler.invoke(LocatingElementHandler.java:38)
	at jdk.proxy2/jdk.proxy2.$Proxy13.isDisplayed(Unknown Source)
	at Pages.AccountPage.didWeNavigateToAccountPage(AccountPage.java:50)
	at tutorialsninja.tests.Login.verifyLoginIntoApplicationAfterChangingPassword(Login.java:250)
	at java.base/jdk.internal.reflect.DirectMethodHandleAccessor.invoke(DirectMethodHandleAccessor.java:103)
	at java.base/java.lang.reflect.Method.invoke(Method.java:580)
	at org.testng.internal.invokers.MethodInvocationHelper.invokeMethod(MethodInvocationHelper.java:141)
	at org.testng.internal.invokers.TestInvoker.invokeMethod(TestInvoker.java:686)
	at org.testng.internal.invokers.TestInvoker.invokeTestMethod(TestInvoker.java:230)
	at org.testng.internal.invokers.MethodRunner.runInSequence(MethodRunner.java:63)
	at org.testng.internal.invokers.TestInvoker$MethodInvocationAgent.invoke(TestInvoker.java:992)
	at org.testng.internal.invokers.TestInvoker.invokeTestMethods(TestInvoker.java:203)
	at org.testng.internal.invokers.TestMethodWorker.invokeTestMethods(TestMethodWorker.java:154)
	at org.testng.internal.invokers.TestMethodWorker.run(TestMethodWorker.java:134)
	at java.base/java.util.ArrayList.forEach(ArrayList.java:1596)
	at org.testng.TestRunner.privateRun(TestRunner.java:739)
	at org.testng.TestRunner.run(TestRunner.java:614)
	at org.testng.SuiteRunner.runTest(SuiteRunner.java:421)
	at org.testng.SuiteRunner.runSequentially(SuiteRunner.java:413)
	at org.testng.SuiteRunner.privateRun(SuiteRunner.java:373)
	at org.testng.SuiteRunner.run(SuiteRunner.java:312)
	at org.testng.SuiteRunnerWorker.runSuite(SuiteRunnerWorker.java:52)
	at org.testng.SuiteRunnerWorker.run(SuiteRunnerWorker.java:95)
	at org.testng.TestNG.runSuitesSequentially(TestNG.java:1274)
	at org.testng.TestNG.runSuitesLocally(TestNG.java:1208)
	at org.testng.TestNG.runSuites(TestNG.java:1112)
	at org.testng.TestNG.run(TestNG.java:1079)
	at org.testng.remote.AbstractRemoteTestNG.run(AbstractRemoteTestNG.java:115)
	at org.testng.remote.RemoteTestNG.initAndRun(RemoteTestNG.java:293)
	at org.testng.remote.RemoteTestNG.main(RemoteTestNG.java:91)
</pre></div></td>
<td>4</td>
<td>tutorialsninja.tests.Login@74235045</td></tr>
<tr>
<td title='tutorialsninja.tests.Login.verifyPasswordIsVisibleInPageSource()'><b>verifyPasswordIsVisibleInPageSource</b><br>Test class: tutorialsninja.tests.Login</td>
<td><div><pre>java.lang.AssertionError: expected [false] but found [true]
	at tutorialsninja.tests.Login.verifyPasswordIsVisibleInPageSource(Login.java:238)
	at java.base/java.util.ArrayList.forEach(ArrayList.java:1596)
... Removed 29 stack frames</pre></div><a href='#' onClick='toggleBox("stack-trace1211827856", this, "Click to show all stack frames", "Click to hide stack frames")'>Click to show all stack frames</a>
<div class='stack-trace' id='stack-trace1211827856'><pre>java.lang.AssertionError: expected [false] but found [true]
	at org.testng.Assert.fail(Assert.java:111)
	at org.testng.Assert.failNotEquals(Assert.java:1578)
	at org.testng.Assert.assertFalse(Assert.java:79)
	at org.testng.Assert.assertFalse(Assert.java:89)
	at tutorialsninja.tests.Login.verifyPasswordIsVisibleInPageSource(Login.java:238)
	at java.base/jdk.internal.reflect.DirectMethodHandleAccessor.invoke(DirectMethodHandleAccessor.java:103)
	at java.base/java.lang.reflect.Method.invoke(Method.java:580)
	at org.testng.internal.invokers.MethodInvocationHelper.invokeMethod(MethodInvocationHelper.java:141)
	at org.testng.internal.invokers.TestInvoker.invokeMethod(TestInvoker.java:686)
	at org.testng.internal.invokers.TestInvoker.invokeTestMethod(TestInvoker.java:230)
	at org.testng.internal.invokers.MethodRunner.runInSequence(MethodRunner.java:63)
	at org.testng.internal.invokers.TestInvoker$MethodInvocationAgent.invoke(TestInvoker.java:992)
	at org.testng.internal.invokers.TestInvoker.invokeTestMethods(TestInvoker.java:203)
	at org.testng.internal.invokers.TestMethodWorker.invokeTestMethods(TestMethodWorker.java:154)
	at org.testng.internal.invokers.TestMethodWorker.run(TestMethodWorker.java:134)
	at java.base/java.util.ArrayList.forEach(ArrayList.java:1596)
	at org.testng.TestRunner.privateRun(TestRunner.java:739)
	at org.testng.TestRunner.run(TestRunner.java:614)
	at org.testng.SuiteRunner.runTest(SuiteRunner.java:421)
	at org.testng.SuiteRunner.runSequentially(SuiteRunner.java:413)
	at org.testng.SuiteRunner.privateRun(SuiteRunner.java:373)
	at org.testng.SuiteRunner.run(SuiteRunner.java:312)
	at org.testng.SuiteRunnerWorker.runSuite(SuiteRunnerWorker.java:52)
	at org.testng.SuiteRunnerWorker.run(SuiteRunnerWorker.java:95)
	at org.testng.TestNG.runSuitesSequentially(TestNG.java:1274)
	at org.testng.TestNG.runSuitesLocally(TestNG.java:1208)
	at org.testng.TestNG.runSuites(TestNG.java:1112)
	at org.testng.TestNG.run(TestNG.java:1079)
	at org.testng.remote.AbstractRemoteTestNG.run(AbstractRemoteTestNG.java:115)
	at org.testng.remote.RemoteTestNG.initAndRun(RemoteTestNG.java:293)
	at org.testng.remote.RemoteTestNG.main(RemoteTestNG.java:91)
</pre></div></td>
<td>0</td>
<td>tutorialsninja.tests.Login@74235045</td></tr>
<tr>
<td title='tutorialsninja.tests.Register.verifyRegisteringAccountUsingInvalidEmails()'><b>verifyRegisteringAccountUsingInvalidEmails</b><br>Test class: tutorialsninja.tests.Register</td>
<td><div><pre>java.lang.AssertionError: expected [false] but found [true]
	at tutorialsninja.tests.Register.verifyRegisteringAccountUsingInvalidEmails(Register.java:301)
	at java.base/java.util.ArrayList.forEach(ArrayList.java:1596)
... Removed 29 stack frames</pre></div><a href='#' onClick='toggleBox("stack-trace287985825", this, "Click to show all stack frames", "Click to hide stack frames")'>Click to show all stack frames</a>
<div class='stack-trace' id='stack-trace287985825'><pre>java.lang.AssertionError: expected [false] but found [true]
	at org.testng.Assert.fail(Assert.java:111)
	at org.testng.Assert.failNotEquals(Assert.java:1578)
	at org.testng.Assert.assertFalse(Assert.java:79)
	at org.testng.Assert.assertFalse(Assert.java:89)
	at tutorialsninja.tests.Register.verifyRegisteringAccountUsingInvalidEmails(Register.java:301)
	at java.base/jdk.internal.reflect.DirectMethodHandleAccessor.invoke(DirectMethodHandleAccessor.java:103)
	at java.base/java.lang.reflect.Method.invoke(Method.java:580)
	at org.testng.internal.invokers.MethodInvocationHelper.invokeMethod(MethodInvocationHelper.java:141)
	at org.testng.internal.invokers.TestInvoker.invokeMethod(TestInvoker.java:686)
	at org.testng.internal.invokers.TestInvoker.invokeTestMethod(TestInvoker.java:230)
	at org.testng.internal.invokers.MethodRunner.runInSequence(MethodRunner.java:63)
	at org.testng.internal.invokers.TestInvoker$MethodInvocationAgent.invoke(TestInvoker.java:992)
	at org.testng.internal.invokers.TestInvoker.invokeTestMethods(TestInvoker.java:203)
	at org.testng.internal.invokers.TestMethodWorker.invokeTestMethods(TestMethodWorker.java:154)
	at org.testng.internal.invokers.TestMethodWorker.run(TestMethodWorker.java:134)
	at java.base/java.util.ArrayList.forEach(ArrayList.java:1596)
	at org.testng.TestRunner.privateRun(TestRunner.java:739)
	at org.testng.TestRunner.run(TestRunner.java:614)
	at org.testng.SuiteRunner.runTest(SuiteRunner.java:421)
	at org.testng.SuiteRunner.runSequentially(SuiteRunner.java:413)
	at org.testng.SuiteRunner.privateRun(SuiteRunner.java:373)
	at org.testng.SuiteRunner.run(SuiteRunner.java:312)
	at org.testng.SuiteRunnerWorker.runSuite(SuiteRunnerWorker.java:52)
	at org.testng.SuiteRunnerWorker.run(SuiteRunnerWorker.java:95)
	at org.testng.TestNG.runSuitesSequentially(TestNG.java:1274)
	at org.testng.TestNG.runSuitesLocally(TestNG.java:1208)
	at org.testng.TestNG.runSuites(TestNG.java:1112)
	at org.testng.TestNG.run(TestNG.java:1079)
	at org.testng.remote.AbstractRemoteTestNG.run(AbstractRemoteTestNG.java:115)
	at org.testng.remote.RemoteTestNG.initAndRun(RemoteTestNG.java:293)
	at org.testng.remote.RemoteTestNG.main(RemoteTestNG.java:91)
</pre></div></td>
<td>4</td>
<td>tutorialsninja.tests.Register@477b4cdf</td></tr>
<tr>
<td title='tutorialsninja.tests.Register.verifyRegisteringAccountByCheckingThePasswordStandards()'><b>verifyRegisteringAccountByCheckingThePasswordStandards</b><br>Test class: tutorialsninja.tests.Register<br>Parameters: 12345</td>
<td><div><pre>java.lang.AssertionError: Password complexity error message is missing: This is a bug.
	at tutorialsninja.tests.Register.verifyRegisteringAccountByCheckingThePasswordStandards(Register.java:591)
	at java.base/java.util.ArrayList.forEach(ArrayList.java:1596)
... Removed 26 stack frames</pre></div><a href='#' onClick='toggleBox("stack-trace519632870", this, "Click to show all stack frames", "Click to hide stack frames")'>Click to show all stack frames</a>
<div class='stack-trace' id='stack-trace519632870'><pre>java.lang.AssertionError: Password complexity error message is missing: This is a bug.
	at org.testng.Assert.fail(Assert.java:111)
	at tutorialsninja.tests.Register.verifyRegisteringAccountByCheckingThePasswordStandards(Register.java:591)
	at java.base/jdk.internal.reflect.DirectMethodHandleAccessor.invoke(DirectMethodHandleAccessor.java:103)
	at java.base/java.lang.reflect.Method.invoke(Method.java:580)
	at org.testng.internal.invokers.MethodInvocationHelper.invokeMethod(MethodInvocationHelper.java:141)
	at org.testng.internal.invokers.TestInvoker.invokeMethod(TestInvoker.java:686)
	at org.testng.internal.invokers.TestInvoker.invokeTestMethod(TestInvoker.java:230)
	at org.testng.internal.invokers.MethodRunner.runInSequence(MethodRunner.java:63)
	at org.testng.internal.invokers.TestInvoker$MethodInvocationAgent.invoke(TestInvoker.java:992)
	at org.testng.internal.invokers.TestInvoker.invokeTestMethods(TestInvoker.java:203)
	at org.testng.internal.invokers.TestMethodWorker.invokeTestMethods(TestMethodWorker.java:154)
	at org.testng.internal.invokers.TestMethodWorker.run(TestMethodWorker.java:134)
	at java.base/java.util.ArrayList.forEach(ArrayList.java:1596)
	at org.testng.TestRunner.privateRun(TestRunner.java:739)
	at org.testng.TestRunner.run(TestRunner.java:614)
	at org.testng.SuiteRunner.runTest(SuiteRunner.java:421)
	at org.testng.SuiteRunner.runSequentially(SuiteRunner.java:413)
	at org.testng.SuiteRunner.privateRun(SuiteRunner.java:373)
	at org.testng.SuiteRunner.run(SuiteRunner.java:312)
	at org.testng.SuiteRunnerWorker.runSuite(SuiteRunnerWorker.java:52)
	at org.testng.SuiteRunnerWorker.run(SuiteRunnerWorker.java:95)
	at org.testng.TestNG.runSuitesSequentially(TestNG.java:1274)
	at org.testng.TestNG.runSuitesLocally(TestNG.java:1208)
	at org.testng.TestNG.runSuites(TestNG.java:1112)
	at org.testng.TestNG.run(TestNG.java:1079)
	at org.testng.remote.AbstractRemoteTestNG.run(AbstractRemoteTestNG.java:115)
	at org.testng.remote.RemoteTestNG.initAndRun(RemoteTestNG.java:293)
	at org.testng.remote.RemoteTestNG.main(RemoteTestNG.java:91)
</pre></div></td>
<td>4</td>
<td>tutorialsninja.tests.Register@477b4cdf</td></tr>
<tr>
<td title='tutorialsninja.tests.Register.verifyRegisteringAccountByCheckingThePasswordStandards()'><b>verifyRegisteringAccountByCheckingThePasswordStandards</b><br>Test class: tutorialsninja.tests.Register<br>Parameters: abs1212$</td>
<td><div><pre>java.lang.AssertionError: Password complexity error message is missing: This is a bug.
	at tutorialsninja.tests.Register.verifyRegisteringAccountByCheckingThePasswordStandards(Register.java:591)
	at java.base/java.util.ArrayList.forEach(ArrayList.java:1596)
... Removed 26 stack frames</pre></div><a href='#' onClick='toggleBox("stack-trace1584736810", this, "Click to show all stack frames", "Click to hide stack frames")'>Click to show all stack frames</a>
<div class='stack-trace' id='stack-trace1584736810'><pre>java.lang.AssertionError: Password complexity error message is missing: This is a bug.
	at org.testng.Assert.fail(Assert.java:111)
	at tutorialsninja.tests.Register.verifyRegisteringAccountByCheckingThePasswordStandards(Register.java:591)
	at java.base/jdk.internal.reflect.DirectMethodHandleAccessor.invoke(DirectMethodHandleAccessor.java:103)
	at java.base/java.lang.reflect.Method.invoke(Method.java:580)
	at org.testng.internal.invokers.MethodInvocationHelper.invokeMethod(MethodInvocationHelper.java:141)
	at org.testng.internal.invokers.TestInvoker.invokeMethod(TestInvoker.java:686)
	at org.testng.internal.invokers.TestInvoker.invokeTestMethod(TestInvoker.java:230)
	at org.testng.internal.invokers.MethodRunner.runInSequence(MethodRunner.java:63)
	at org.testng.internal.invokers.TestInvoker$MethodInvocationAgent.invoke(TestInvoker.java:992)
	at org.testng.internal.invokers.TestInvoker.invokeTestMethods(TestInvoker.java:203)
	at org.testng.internal.invokers.TestMethodWorker.invokeTestMethods(TestMethodWorker.java:154)
	at org.testng.internal.invokers.TestMethodWorker.run(TestMethodWorker.java:134)
	at java.base/java.util.ArrayList.forEach(ArrayList.java:1596)
	at org.testng.TestRunner.privateRun(TestRunner.java:739)
	at org.testng.TestRunner.run(TestRunner.java:614)
	at org.testng.SuiteRunner.runTest(SuiteRunner.java:421)
	at org.testng.SuiteRunner.runSequentially(SuiteRunner.java:413)
	at org.testng.SuiteRunner.privateRun(SuiteRunner.java:373)
	at org.testng.SuiteRunner.run(SuiteRunner.java:312)
	at org.testng.SuiteRunnerWorker.runSuite(SuiteRunnerWorker.java:52)
	at org.testng.SuiteRunnerWorker.run(SuiteRunnerWorker.java:95)
	at org.testng.TestNG.runSuitesSequentially(TestNG.java:1274)
	at org.testng.TestNG.runSuitesLocally(TestNG.java:1208)
	at org.testng.TestNG.runSuites(TestNG.java:1112)
	at org.testng.TestNG.run(TestNG.java:1079)
	at org.testng.remote.AbstractRemoteTestNG.run(AbstractRemoteTestNG.java:115)
	at org.testng.remote.RemoteTestNG.initAndRun(RemoteTestNG.java:293)
	at org.testng.remote.RemoteTestNG.main(RemoteTestNG.java:91)
</pre></div></td>
<td>5</td>
<td>tutorialsninja.tests.Register@477b4cdf</td></tr>
<tr>
<td title='tutorialsninja.tests.Register.verifyRegisteringAccountFielsHeightWidthAlignment()'><b>verifyRegisteringAccountFielsHeightWidthAlignment</b><br>Test class: tutorialsninja.tests.Register</td>
<td><div><pre>java.lang.AssertionError: Password field accepts more than 20 characters! expected [true] but found [false]
	at tutorialsninja.tests.Register.verifyRegisteringAccountFielsHeightWidthAlignment(Register.java:720)
	at java.base/java.util.ArrayList.forEach(ArrayList.java:1596)
... Removed 28 stack frames</pre></div><a href='#' onClick='toggleBox("stack-trace1652884090", this, "Click to show all stack frames", "Click to hide stack frames")'>Click to show all stack frames</a>
<div class='stack-trace' id='stack-trace1652884090'><pre>java.lang.AssertionError: Password field accepts more than 20 characters! expected [true] but found [false]
	at org.testng.Assert.fail(Assert.java:111)
	at org.testng.Assert.failNotEquals(Assert.java:1578)
	at org.testng.Assert.assertTrue(Assert.java:57)
	at tutorialsninja.tests.Register.verifyRegisteringAccountFielsHeightWidthAlignment(Register.java:720)
	at java.base/jdk.internal.reflect.DirectMethodHandleAccessor.invoke(DirectMethodHandleAccessor.java:103)
	at java.base/java.lang.reflect.Method.invoke(Method.java:580)
	at org.testng.internal.invokers.MethodInvocationHelper.invokeMethod(MethodInvocationHelper.java:141)
	at org.testng.internal.invokers.TestInvoker.invokeMethod(TestInvoker.java:686)
	at org.testng.internal.invokers.TestInvoker.invokeTestMethod(TestInvoker.java:230)
	at org.testng.internal.invokers.MethodRunner.runInSequence(MethodRunner.java:63)
	at org.testng.internal.invokers.TestInvoker$MethodInvocationAgent.invoke(TestInvoker.java:992)
	at org.testng.internal.invokers.TestInvoker.invokeTestMethods(TestInvoker.java:203)
	at org.testng.internal.invokers.TestMethodWorker.invokeTestMethods(TestMethodWorker.java:154)
	at org.testng.internal.invokers.TestMethodWorker.run(TestMethodWorker.java:134)
	at java.base/java.util.ArrayList.forEach(ArrayList.java:1596)
	at org.testng.TestRunner.privateRun(TestRunner.java:739)
	at org.testng.TestRunner.run(TestRunner.java:614)
	at org.testng.SuiteRunner.runTest(SuiteRunner.java:421)
	at org.testng.SuiteRunner.runSequentially(SuiteRunner.java:413)
	at org.testng.SuiteRunner.privateRun(SuiteRunner.java:373)
	at org.testng.SuiteRunner.run(SuiteRunner.java:312)
	at org.testng.SuiteRunnerWorker.runSuite(SuiteRunnerWorker.java:52)
	at org.testng.SuiteRunnerWorker.run(SuiteRunnerWorker.java:95)
	at org.testng.TestNG.runSuitesSequentially(TestNG.java:1274)
	at org.testng.TestNG.runSuitesLocally(TestNG.java:1208)
	at org.testng.TestNG.runSuites(TestNG.java:1112)
	at org.testng.TestNG.run(TestNG.java:1079)
	at org.testng.remote.AbstractRemoteTestNG.run(AbstractRemoteTestNG.java:115)
	at org.testng.remote.RemoteTestNG.initAndRun(RemoteTestNG.java:293)
	at org.testng.remote.RemoteTestNG.main(RemoteTestNG.java:91)
</pre></div></td>
<td>13</td>
<td>tutorialsninja.tests.Register@477b4cdf</td></tr>
</table><p>
<table width='100%' border='1' class='invocation-passed'>
<tr><td colspan='4' align='center'><b>PASSED TESTS</b></td></tr>
<tr><td><b>Test method</b></td>
<td><b>Attribute(s)</b></td>
<td width="30%"><b>Exception</b></td>
<td width="10%"><b>Time (seconds)</b></td>
<td><b>Instance</b></td>
</tr>
<tr>
<td title='tutorialsninja.tests.Login.verifyLoggingOutAndBrowserBackAfterLogin()'><b>verifyLoggingOutAndBrowserBackAfterLogin</b><br>Test class: tutorialsninja.tests.Login</td>
<td></td>
<td>2</td>
<td>tutorialsninja.tests.Login@74235045</td></tr>
<tr>
<td title='tutorialsninja.tests.Register.verifyRegisteringAccountByProvidingOnlySpace()'><b>verifyRegisteringAccountByProvidingOnlySpace</b><br>Test class: tutorialsninja.tests.Register</td>
<td></td>
<td>1</td>
<td>tutorialsninja.tests.Register@477b4cdf</td></tr>
<tr>
<td title='tutorialsninja.tests.Login.verifyLoginWithoutCredentials()'><b>verifyLoginWithoutCredentials</b><br>Test class: tutorialsninja.tests.Login</td>
<td></td>
<td>0</td>
<td>tutorialsninja.tests.Login@74235045</td></tr>
<tr>
<td title='tutorialsninja.tests.Login.verifyLoginWithValidCredentials()'><b>verifyLoginWithValidCredentials</b><br>Test class: tutorialsninja.tests.Login</td>
<td></td>
<td>1</td>
<td>tutorialsninja.tests.Login@74235045</td></tr>
<tr>
<td title='tutorialsninja.tests.Register.verifyRegisteringAccountInDifferentEnvironments()'><b>verifyRegisteringAccountInDifferentEnvironments</b><br>Test class: tutorialsninja.tests.Register</td>
<td></td>
<td>2</td>
<td>tutorialsninja.tests.Register@477b4cdf</td></tr>
<tr>
<td title='tutorialsninja.tests.Login.verifyLoginWithInactiveCredentials()'><b>verifyLoginWithInactiveCredentials</b><br>Test class: tutorialsninja.tests.Login</td>
<td></td>
<td>0</td>
<td>tutorialsninja.tests.Login@74235045</td></tr>
<tr>
<td title='tutorialsninja.tests.Login.verifyForgottenPasswordLinkOnLoginPage()'><b>verifyForgottenPasswordLinkOnLoginPage</b><br>Test class: tutorialsninja.tests.Login</td>
<td></td>
<td>0</td>
<td>tutorialsninja.tests.Login@74235045</td></tr>
<tr>
<td title='tutorialsninja.tests.Register.verifyRegisteringAccountByProvidingEntriesUsingKeyboardActions()'><b>verifyRegisteringAccountByProvidingEntriesUsingKeyboardActions</b><br>Test class: tutorialsninja.tests.Register</td>
<td></td>
<td>12</td>
<td>tutorialsninja.tests.Register@477b4cdf</td></tr>
<tr>
<td title='tutorialsninja.tests.Register.verifyRegisteringAccountWithoutEnteringPasswordIntoPasswordConfirmField()'><b>verifyRegisteringAccountWithoutEnteringPasswordIntoPasswordConfirmField</b><br>Test class: tutorialsninja.tests.Register</td>
<td></td>
<td>1</td>
<td>tutorialsninja.tests.Register@477b4cdf</td></tr>
<tr>
<td title='tutorialsninja.tests.Register.verifyRegisteringAccountByProvidingExistingEmail()'><b>verifyRegisteringAccountByProvidingExistingEmail</b><br>Test class: tutorialsninja.tests.Register</td>
<td></td>
<td>1</td>
<td>tutorialsninja.tests.Register@477b4cdf</td></tr>
<tr>
<td title='tutorialsninja.tests.Login.verifyLoginWithInValidCredentials()'><b>verifyLoginWithInValidCredentials</b><br>Test class: tutorialsninja.tests.Login</td>
<td></td>
<td>0</td>
<td>tutorialsninja.tests.Login@74235045</td></tr>
<tr>
<td title='tutorialsninja.tests.Register.verifyMandatoryFieldsInRegisterAccountPage()'><b>verifyMandatoryFieldsInRegisterAccountPage</b><br>Test class: tutorialsninja.tests.Register</td>
<td></td>
<td>0</td>
<td>tutorialsninja.tests.Register@477b4cdf</td></tr>
<tr>
<td title='tutorialsninja.tests.Login.verifyLoginInAllEnvironments()'><b>verifyLoginInAllEnvironments</b><br>Test class: tutorialsninja.tests.Login</td>
<td></td>
<td>1</td>
<td>tutorialsninja.tests.Login@74235045</td></tr>
<tr>
<td title='tutorialsninja.tests.Login.verifyDifferentWaysOfNavigatingToLoginPage()'><b>verifyDifferentWaysOfNavigatingToLoginPage</b><br>Test class: tutorialsninja.tests.Login</td>
<td></td>
<td>2</td>
<td>tutorialsninja.tests.Login@74235045</td></tr>
<tr>
<td title='tutorialsninja.tests.Login.verifyPlaceholdersForEmailAndPasswordField()'><b>verifyPlaceholdersForEmailAndPasswordField</b><br>Test class: tutorialsninja.tests.Login</td>
<td></td>
<td>0</td>
<td>tutorialsninja.tests.Login@74235045</td></tr>
<tr>
<td title='tutorialsninja.tests.Register.verifyHeadingAndTrailingSpacesWhileRegisteringPage()'><b>verifyHeadingAndTrailingSpacesWhileRegisteringPage</b><br>Test class: tutorialsninja.tests.Register</td>
<td></td>
<td>2</td>
<td>tutorialsninja.tests.Register@477b4cdf</td></tr>
<tr>
<td title='tutorialsninja.tests.Login.verifyNumberOfUnsuccessfulLoginAttempts()'><b>verifyNumberOfUnsuccessfulLoginAttempts</b><br>Test class: tutorialsninja.tests.Login</td>
<td></td>
<td>3</td>
<td>tutorialsninja.tests.Login@74235045</td></tr>
<tr>
<td title='tutorialsninja.tests.Register.RegisterWithMandatoryFeilds()'><b>RegisterWithMandatoryFeilds</b><br>Test class: tutorialsninja.tests.Register</td>
<td></td>
<td>2</td>
<td>tutorialsninja.tests.Register@477b4cdf</td></tr>
<tr>
<td title='tutorialsninja.tests.Login.verifyBreadcrumbPageHeadingTitleOnLoginPage()'><b>verifyBreadcrumbPageHeadingTitleOnLoginPage</b><br>Test class: tutorialsninja.tests.Login</td>
<td></td>
<td>0</td>
<td>tutorialsninja.tests.Login@74235045</td></tr>
<tr>
<td title='tutorialsninja.tests.Register.verifyRegisteringAccountSayingYesToNewsLetter()'><b>verifyRegisteringAccountSayingYesToNewsLetter</b><br>Test class: tutorialsninja.tests.Register</td>
<td></td>
<td>3</td>
<td>tutorialsninja.tests.Register@477b4cdf</td></tr>
<tr>
<td title='tutorialsninja.tests.Login.verifyLoginUsingKeyboardTabs()'><b>verifyLoginUsingKeyboardTabs</b><br>Test class: tutorialsninja.tests.Login</td>
<td></td>
<td>4</td>
<td>tutorialsninja.tests.Login@74235045</td></tr>
<tr>
<td title='tutorialsninja.tests.Login.verifyLoginWithInvalidEmailAndValidPassword()'><b>verifyLoginWithInvalidEmailAndValidPassword</b><br>Test class: tutorialsninja.tests.Login</td>
<td></td>
<td>0</td>
<td>tutorialsninja.tests.Login@74235045</td></tr>
<tr>
<td title='tutorialsninja.tests.Register.verifyRegisteringAccountSayingNoToNewsLetter()'><b>verifyRegisteringAccountSayingNoToNewsLetter</b><br>Test class: tutorialsninja.tests.Register</td>
<td></td>
<td>3</td>
<td>tutorialsninja.tests.Register@477b4cdf</td></tr>
<tr>
<td title='tutorialsninja.tests.Register.verifyNavigatingToRegisterAccountPageWithMultipleWays()'><b>verifyNavigatingToRegisterAccountPageWithMultipleWays</b><br>Test class: tutorialsninja.tests.Register</td>
<td></td>
<td>2</td>
<td>tutorialsninja.tests.Register@477b4cdf</td></tr>
<tr>
<td title='tutorialsninja.tests.Register.verifyBreadcrumbTitleHeadingRegisterAccount()'><b>verifyBreadcrumbTitleHeadingRegisterAccount</b><br>Test class: tutorialsninja.tests.Register</td>
<td></td>
<td>0</td>
<td>tutorialsninja.tests.Register@477b4cdf</td></tr>
<tr>
<td title='tutorialsninja.tests.Login.verifyNavigateToDifferentPagesFromLoginPage()'><b>verifyNavigateToDifferentPagesFromLoginPage</b><br>Test class: tutorialsninja.tests.Login</td>
<td></td>
<td>28</td>
<td>tutorialsninja.tests.Login@74235045</td></tr>
<tr>
<td title='tutorialsninja.tests.Register.verifyRegisteringAccountWithoutPrivacyPolicySelection()'><b>verifyRegisteringAccountWithoutPrivacyPolicySelection</b><br>Test class: tutorialsninja.tests.Register</td>
<td></td>
<td>1</td>
<td>tutorialsninja.tests.Register@477b4cdf</td></tr>
<tr>
<td title='tutorialsninja.tests.Login.verifyUIOfLoginPage()'><b>verifyUIOfLoginPage</b><br>Test class: tutorialsninja.tests.Login</td>
<td></td>
<td>0</td>
<td>tutorialsninja.tests.Login@74235045</td></tr>
<tr>
<td title='tutorialsninja.tests.Login.verifyCopyingOfTextEnteredIntoPasswordField()'><b>verifyCopyingOfTextEnteredIntoPasswordField</b><br>Test class: tutorialsninja.tests.Login</td>
<td></td>
<td>0</td>
<td>tutorialsninja.tests.Login@74235045</td></tr>
<tr>
<td title='tutorialsninja.tests.Register.verifyWorkingOfEveryLinkOnRegisterAccount()'><b>verifyWorkingOfEveryLinkOnRegisterAccount</b><br>Test class: tutorialsninja.tests.Register</td>
<td></td>
<td>26</td>
<td>tutorialsninja.tests.Register@477b4cdf</td></tr>
<tr>
<td title='tutorialsninja.tests.Login.verifyLoginWithValidEmailAndInvalidPassword()'><b>verifyLoginWithValidEmailAndInvalidPassword</b><br>Test class: tutorialsninja.tests.Login</td>
<td></td>
<td>0</td>
<td>tutorialsninja.tests.Login@74235045</td></tr>
<tr>
<td title='tutorialsninja.tests.Login.verifyTextEnteredIntoPasswordFieldIsToggledToHideVisibility()'><b>verifyTextEnteredIntoPasswordFieldIsToggledToHideVisibility</b><br>Test class: tutorialsninja.tests.Login</td>
<td></td>
<td>0</td>
<td>tutorialsninja.tests.Login@74235045</td></tr>
<tr>
<td title='tutorialsninja.tests.Register.verifyRegisterWithAllFeilds()'><b>verifyRegisterWithAllFeilds</b><br>Test class: tutorialsninja.tests.Register</td>
<td></td>
<td>2</td>
<td>tutorialsninja.tests.Register@477b4cdf</td></tr>
<tr>
<td title='tutorialsninja.tests.Register.verifyRegisteringWithoutFillingFeilds()'><b>verifyRegisteringWithoutFillingFeilds</b><br>Test class: tutorialsninja.tests.Register</td>
<td></td>
<td>0</td>
<td>tutorialsninja.tests.Register@477b4cdf</td></tr>
<tr>
<td title='tutorialsninja.tests.Login.verifyBrowserBackAfterLogin()'><b>verifyBrowserBackAfterLogin</b><br>Test class: tutorialsninja.tests.Login</td>
<td></td>
<td>1</td>
<td>tutorialsninja.tests.Login@74235045</td></tr>
<tr>
<td title='tutorialsninja.tests.Register.verifyRegisteringAccountByProvidingMismatchingPasswords()'><b>verifyRegisteringAccountByProvidingMismatchingPasswords</b><br>Test class: tutorialsninja.tests.Register</td>
<td></td>
<td>1</td>
<td>tutorialsninja.tests.Register@477b4cdf</td></tr>
<tr>
<td title='tutorialsninja.tests.Register.verifyRegisteringAccountVisibilityTogglingOfPasswordFields()'><b>verifyRegisteringAccountVisibilityTogglingOfPasswordFields</b><br>Test class: tutorialsninja.tests.Register</td>
<td></td>
<td>0</td>
<td>tutorialsninja.tests.Register@477b4cdf</td></tr>
<tr>
<td title='tutorialsninja.tests.Register.verifyPlaceholdersOfTextFieldsInRegisterAccountPage()'><b>verifyPlaceholdersOfTextFieldsInRegisterAccountPage</b><br>Test class: tutorialsninja.tests.Register</td>
<td></td>
<td>0</td>
<td>tutorialsninja.tests.Register@477b4cdf</td></tr>
<tr>
<td title='tutorialsninja.tests.Register.verifyPrivacyPolicyFieldsOnRegisteringAccountPage()'><b>verifyPrivacyPolicyFieldsOnRegisteringAccountPage</b><br>Test class: tutorialsninja.tests.Register</td>
<td></td>
<td>0</td>
<td>tutorialsninja.tests.Register@477b4cdf</td></tr>
<tr>
<td title='tutorialsninja.tests.Register.verifyUIOfRegisterAccountPage()'><b>verifyUIOfRegisterAccountPage</b><br>Test class: tutorialsninja.tests.Register</td>
<td></td>
<td>0</td>
<td>tutorialsninja.tests.Register@477b4cdf</td></tr>
</table><p>
</body>
</html>